mode: set
github.com/touutae-lab/vending-api/internal/repository/machine_repository_impl.go:16.62,20.2 1 0
github.com/touutae-lab/vending-api/internal/repository/machine_repository_impl.go:22.108,43.16 4 0
github.com/touutae-lab/vending-api/internal/repository/machine_repository_impl.go:43.16,45.3 1 0
github.com/touutae-lab/vending-api/internal/repository/machine_repository_impl.go:47.2,47.30 1 0
github.com/touutae-lab/vending-api/internal/repository/machine_repository_impl.go:50.111,61.126 5 0
github.com/touutae-lab/vending-api/internal/repository/machine_repository_impl.go:61.126,63.3 1 0
github.com/touutae-lab/vending-api/internal/repository/machine_repository_impl.go:65.2,65.21 1 0
github.com/touutae-lab/vending-api/internal/repository/machine_repository_impl.go:68.94,76.16 4 0
github.com/touutae-lab/vending-api/internal/repository/machine_repository_impl.go:76.16,78.3 1 0
github.com/touutae-lab/vending-api/internal/repository/machine_repository_impl.go:80.2,83.18 3 0
github.com/touutae-lab/vending-api/internal/repository/machine_repository_impl.go:83.18,85.128 2 0
github.com/touutae-lab/vending-api/internal/repository/machine_repository_impl.go:85.128,87.4 1 0
github.com/touutae-lab/vending-api/internal/repository/machine_repository_impl.go:88.3,88.39 1 0
github.com/touutae-lab/vending-api/internal/repository/machine_repository_impl.go:91.2,91.22 1 0
github.com/touutae-lab/vending-api/internal/repository/machine_repository_impl.go:94.108,107.16 4 0
github.com/touutae-lab/vending-api/internal/repository/machine_repository_impl.go:107.16,109.3 1 0
github.com/touutae-lab/vending-api/internal/repository/machine_repository_impl.go:111.2,111.30 1 0
github.com/touutae-lab/vending-api/internal/repository/machine_repository_impl.go:114.100,123.16 4 0
github.com/touutae-lab/vending-api/internal/repository/machine_repository_impl.go:123.16,125.3 1 0
github.com/touutae-lab/vending-api/internal/repository/machine_repository_impl.go:127.2,127.30 1 0
github.com/touutae-lab/vending-api/internal/repository/product_repository_impl.go:16.62,20.2 1 0
github.com/touutae-lab/vending-api/internal/repository/product_repository_impl.go:22.94,32.16 4 0
github.com/touutae-lab/vending-api/internal/repository/product_repository_impl.go:32.16,34.3 1 0
github.com/touutae-lab/vending-api/internal/repository/product_repository_impl.go:35.2,38.18 3 0
github.com/touutae-lab/vending-api/internal/repository/product_repository_impl.go:38.18,45.17 2 0
github.com/touutae-lab/vending-api/internal/repository/product_repository_impl.go:45.17,47.4 1 0
github.com/touutae-lab/vending-api/internal/repository/product_repository_impl.go:48.3,48.33 1 0
github.com/touutae-lab/vending-api/internal/repository/product_repository_impl.go:50.2,50.22 1 0
github.com/touutae-lab/vending-api/internal/repository/product_repository_impl.go:53.103,72.16 5 0
github.com/touutae-lab/vending-api/internal/repository/product_repository_impl.go:72.16,74.3 1 0
github.com/touutae-lab/vending-api/internal/repository/product_repository_impl.go:76.2,76.15 1 0
github.com/touutae-lab/vending-api/internal/repository/product_repository_impl.go:79.108,93.16 4 0
github.com/touutae-lab/vending-api/internal/repository/product_repository_impl.go:93.16,95.3 1 0
github.com/touutae-lab/vending-api/internal/repository/product_repository_impl.go:97.2,97.30 1 0
github.com/touutae-lab/vending-api/internal/repository/product_repository_impl.go:100.108,116.16 4 0
github.com/touutae-lab/vending-api/internal/repository/product_repository_impl.go:116.16,118.3 1 0
github.com/touutae-lab/vending-api/internal/repository/product_repository_impl.go:120.2,120.30 1 0
github.com/touutae-lab/vending-api/internal/repository/product_repository_impl.go:123.94,131.16 4 0
github.com/touutae-lab/vending-api/internal/repository/product_repository_impl.go:131.16,133.3 1 0
github.com/touutae-lab/vending-api/internal/repository/product_repository_impl.go:135.2,135.30 1 0
github.com/touutae-lab/vending-api/internal/repository/user_login_repository_impl.go:15.66,19.2 1 0
github.com/touutae-lab/vending-api/internal/repository/user_login_repository_impl.go:22.117,36.16 4 0
github.com/touutae-lab/vending-api/internal/repository/user_login_repository_impl.go:36.16,38.3 1 0
github.com/touutae-lab/vending-api/internal/repository/user_login_repository_impl.go:40.2,40.30 1 0
github.com/touutae-lab/vending-api/internal/repository/user_login_repository_impl.go:43.123,54.90 5 0
github.com/touutae-lab/vending-api/internal/repository/user_login_repository_impl.go:54.90,56.3 1 0
github.com/touutae-lab/vending-api/internal/repository/user_login_repository_impl.go:57.2,57.23 1 0
github.com/touutae-lab/vending-api/internal/repository/user_login_repository_impl.go:60.117,70.16 4 0
github.com/touutae-lab/vending-api/internal/repository/user_login_repository_impl.go:70.16,72.3 1 0
github.com/touutae-lab/vending-api/internal/repository/user_login_repository_impl.go:73.2,73.30 1 0
github.com/touutae-lab/vending-api/internal/repository/user_login_repository_impl.go:76.106,82.16 4 0
github.com/touutae-lab/vending-api/internal/repository/user_login_repository_impl.go:82.16,84.3 1 0
github.com/touutae-lab/vending-api/internal/repository/user_login_repository_impl.go:85.2,85.30 1 0
github.com/touutae-lab/vending-api/internal/handler/machine_handler.go:18.94,23.2 1 0
github.com/touutae-lab/vending-api/internal/handler/machine_handler.go:25.60,28.2 3 0
github.com/touutae-lab/vending-api/internal/handler/machine_handler.go:28.2,31.3 2 0
github.com/touutae-lab/vending-api/internal/handler/machine_handler.go:34.56,36.16 2 0
github.com/touutae-lab/vending-api/internal/handler/machine_handler.go:36.16,39.3 2 0
github.com/touutae-lab/vending-api/internal/handler/machine_handler.go:40.2,40.23 1 0
github.com/touutae-lab/vending-api/internal/handler/machine_handler.go:43.57,47.16 3 0
github.com/touutae-lab/vending-api/internal/handler/machine_handler.go:47.16,50.3 2 0
github.com/touutae-lab/vending-api/internal/handler/machine_handler.go:52.2,53.16 2 0
github.com/touutae-lab/vending-api/internal/handler/machine_handler.go:53.16,54.36 1 0
github.com/touutae-lab/vending-api/internal/handler/machine_handler.go:54.36,57.4 2 0
github.com/touutae-lab/vending-api/internal/handler/machine_handler.go:58.3,59.9 2 0
github.com/touutae-lab/vending-api/internal/handler/machine_handler.go:61.2,61.22 1 0
github.com/touutae-lab/vending-api/internal/handler/product_handler.go:20.101,25.2 1 1
github.com/touutae-lab/vending-api/internal/handler/product_handler.go:27.60,30.2 3 1
github.com/touutae-lab/vending-api/internal/handler/product_handler.go:30.2,36.3 5 1
github.com/touutae-lab/vending-api/internal/handler/product_handler.go:39.56,41.16 2 1
github.com/touutae-lab/vending-api/internal/handler/product_handler.go:41.16,44.3 2 0
github.com/touutae-lab/vending-api/internal/handler/product_handler.go:45.2,45.33 1 1
github.com/touutae-lab/vending-api/internal/handler/product_handler.go:48.57,52.16 3 0
github.com/touutae-lab/vending-api/internal/handler/product_handler.go:52.16,55.3 2 0
github.com/touutae-lab/vending-api/internal/handler/product_handler.go:57.2,58.16 2 0
github.com/touutae-lab/vending-api/internal/handler/product_handler.go:58.16,59.36 1 0
github.com/touutae-lab/vending-api/internal/handler/product_handler.go:59.36,62.4 2 0
github.com/touutae-lab/vending-api/internal/handler/product_handler.go:63.3,64.9 2 0
github.com/touutae-lab/vending-api/internal/handler/product_handler.go:67.2,67.32 1 0
github.com/touutae-lab/vending-api/internal/handler/product_handler.go:70.56,72.48 2 1
github.com/touutae-lab/vending-api/internal/handler/product_handler.go:72.48,75.3 2 0
github.com/touutae-lab/vending-api/internal/handler/product_handler.go:77.2,78.16 2 1
github.com/touutae-lab/vending-api/internal/handler/product_handler.go:78.16,81.3 2 0
github.com/touutae-lab/vending-api/internal/handler/product_handler.go:82.2,82.45 1 1
github.com/touutae-lab/vending-api/internal/handler/product_handler.go:85.56,87.48 2 0
github.com/touutae-lab/vending-api/internal/handler/product_handler.go:87.48,90.3 2 0
github.com/touutae-lab/vending-api/internal/handler/product_handler.go:92.2,93.16 2 0
github.com/touutae-lab/vending-api/internal/handler/product_handler.go:93.16,96.3 2 0
github.com/touutae-lab/vending-api/internal/handler/product_handler.go:97.2,97.40 1 0
github.com/touutae-lab/vending-api/internal/handler/product_handler.go:100.56,104.16 3 0
github.com/touutae-lab/vending-api/internal/handler/product_handler.go:104.16,107.3 2 0
github.com/touutae-lab/vending-api/internal/handler/product_handler.go:109.2,110.16 2 0
github.com/touutae-lab/vending-api/internal/handler/product_handler.go:110.16,113.3 2 0
github.com/touutae-lab/vending-api/internal/handler/product_handler.go:114.2,114.61 1 0
github.com/touutae-lab/vending-api/internal/lib/hashing_provider.go:5.52,7.16 2 1
github.com/touutae-lab/vending-api/internal/lib/hashing_provider.go:7.16,9.3 1 0
github.com/touutae-lab/vending-api/internal/lib/hashing_provider.go:10.2,10.26 1 1
github.com/touutae-lab/vending-api/internal/lib/hashing_provider.go:13.52,16.2 2 1
github.com/touutae-lab/vending-api/internal/lib/jwt_provider.go:26.62,39.16 5 1
github.com/touutae-lab/vending-api/internal/lib/jwt_provider.go:39.16,41.3 1 0
github.com/touutae-lab/vending-api/internal/lib/jwt_provider.go:43.2,43.25 1 1
github.com/touutae-lab/vending-api/internal/lib/jwt_provider.go:46.70,47.114 1 1
github.com/touutae-lab/vending-api/internal/lib/jwt_provider.go:47.114,48.58 1 1
github.com/touutae-lab/vending-api/internal/lib/jwt_provider.go:48.58,50.4 1 0
github.com/touutae-lab/vending-api/internal/lib/jwt_provider.go:52.3,52.46 1 1
github.com/touutae-lab/vending-api/internal/lib/jwt_provider.go:55.2,55.16 1 1
github.com/touutae-lab/vending-api/internal/lib/jwt_provider.go:55.16,57.3 1 0
github.com/touutae-lab/vending-api/internal/lib/jwt_provider.go:59.2,59.71 1 1
github.com/touutae-lab/vending-api/internal/lib/jwt_provider.go:59.71,60.46 1 1
github.com/touutae-lab/vending-api/internal/lib/jwt_provider.go:60.46,62.4 1 0
github.com/touutae-lab/vending-api/internal/lib/jwt_provider.go:64.3,64.21 1 1
github.com/touutae-lab/vending-api/internal/lib/jwt_provider.go:65.8,67.3 1 0
github.com/touutae-lab/vending-api/internal/lib/jwt_provider.go:70.64,84.16 5 1
github.com/touutae-lab/vending-api/internal/lib/jwt_provider.go:84.16,86.3 1 0
github.com/touutae-lab/vending-api/internal/lib/jwt_provider.go:88.2,88.25 1 1
github.com/touutae-lab/vending-api/internal/lib/jwt_provider.go:91.56,92.107 1 1
github.com/touutae-lab/vending-api/internal/lib/jwt_provider.go:92.107,93.58 1 1
github.com/touutae-lab/vending-api/internal/lib/jwt_provider.go:93.58,95.4 1 0
github.com/touutae-lab/vending-api/internal/lib/jwt_provider.go:97.3,97.46 1 1
github.com/touutae-lab/vending-api/internal/lib/jwt_provider.go:100.2,100.16 1 1
github.com/touutae-lab/vending-api/internal/lib/jwt_provider.go:100.16,102.3 1 0
github.com/touutae-lab/vending-api/internal/lib/jwt_provider.go:104.2,104.64 1 1
github.com/touutae-lab/vending-api/internal/lib/jwt_provider.go:104.64,105.46 1 1
github.com/touutae-lab/vending-api/internal/lib/jwt_provider.go:105.46,107.4 1 0
github.com/touutae-lab/vending-api/internal/lib/jwt_provider.go:109.3,109.21 1 1
github.com/touutae-lab/vending-api/internal/lib/jwt_provider.go:110.8,112.3 1 0
github.com/touutae-lab/vending-api/internal/lib/jwt_provider.go:115.42,116.30 1 0
github.com/touutae-lab/vending-api/internal/lib/jwt_provider.go:116.30,118.24 2 0
github.com/touutae-lab/vending-api/internal/lib/jwt_provider.go:118.24,122.4 3 0
github.com/touutae-lab/vending-api/internal/lib/jwt_provider.go:124.3,125.51 2 0
github.com/touutae-lab/vending-api/internal/lib/jwt_provider.go:125.51,127.4 1 0
github.com/touutae-lab/vending-api/internal/lib/jwt_provider.go:127.9,131.4 3 0
github.com/touutae-lab/vending-api/internal/lib/jwt_provider.go:133.3,134.17 2 0
github.com/touutae-lab/vending-api/internal/lib/jwt_provider.go:134.17,138.4 3 0
github.com/touutae-lab/vending-api/internal/lib/jwt_provider.go:140.3,143.11 3 0
github.com/touutae-lab/vending-api/internal/lib/jwt_provider.go:147.49,148.30 1 0
github.com/touutae-lab/vending-api/internal/lib/jwt_provider.go:148.30,150.24 2 0
github.com/touutae-lab/vending-api/internal/lib/jwt_provider.go:150.24,154.4 3 0
github.com/touutae-lab/vending-api/internal/lib/jwt_provider.go:156.3,157.51 2 0
github.com/touutae-lab/vending-api/internal/lib/jwt_provider.go:157.51,159.4 1 0
github.com/touutae-lab/vending-api/internal/lib/jwt_provider.go:159.9,163.4 3 0
github.com/touutae-lab/vending-api/internal/lib/jwt_provider.go:165.3,166.17 2 0
github.com/touutae-lab/vending-api/internal/lib/jwt_provider.go:166.17,170.4 3 0
github.com/touutae-lab/vending-api/internal/lib/jwt_provider.go:172.3,173.11 2 0
github.com/touutae-lab/vending-api/internal/service/machine_service_impl.go:13.79,17.2 1 1
github.com/touutae-lab/vending-api/internal/service/machine_service_impl.go:19.108,21.16 2 1
github.com/touutae-lab/vending-api/internal/service/machine_service_impl.go:21.16,23.3 1 0
github.com/touutae-lab/vending-api/internal/service/machine_service_impl.go:24.2,24.20 1 1
github.com/touutae-lab/vending-api/internal/service/machine_service_impl.go:27.100,29.16 2 1
github.com/touutae-lab/vending-api/internal/service/machine_service_impl.go:29.16,31.3 1 0
github.com/touutae-lab/vending-api/internal/service/machine_service_impl.go:32.2,32.20 1 1
github.com/touutae-lab/vending-api/internal/service/machine_service_impl.go:35.91,37.16 2 1
github.com/touutae-lab/vending-api/internal/service/machine_service_impl.go:37.16,39.3 1 0
github.com/touutae-lab/vending-api/internal/service/machine_service_impl.go:40.2,40.20 1 1
github.com/touutae-lab/vending-api/internal/service/machine_service_impl.go:43.104,45.2 1 1
github.com/touutae-lab/vending-api/internal/service/machine_service_impl.go:47.104,49.2 1 1
github.com/touutae-lab/vending-api/internal/service/machine_service_impl.go:51.91,53.2 1 1
github.com/touutae-lab/vending-api/internal/service/product_service_impl.go:13.79,17.2 1 1
github.com/touutae-lab/vending-api/internal/service/product_service_impl.go:19.92,21.16 2 1
github.com/touutae-lab/vending-api/internal/service/product_service_impl.go:21.16,23.3 1 0
github.com/touutae-lab/vending-api/internal/service/product_service_impl.go:25.2,26.29 2 1
github.com/touutae-lab/vending-api/internal/service/product_service_impl.go:26.29,28.3 1 1
github.com/touutae-lab/vending-api/internal/service/product_service_impl.go:29.2,29.18 1 1
github.com/touutae-lab/vending-api/internal/service/product_service_impl.go:32.101,34.16 2 1
github.com/touutae-lab/vending-api/internal/service/product_service_impl.go:34.16,36.3 1 0
github.com/touutae-lab/vending-api/internal/service/product_service_impl.go:38.2,38.39 1 1
github.com/touutae-lab/vending-api/internal/service/product_service_impl.go:41.105,43.2 1 1
github.com/touutae-lab/vending-api/internal/service/product_service_impl.go:45.105,47.2 1 1
github.com/touutae-lab/vending-api/internal/service/product_service_impl.go:49.91,51.2 1 1
